        -:    0:Source:C:/Users/PC/CLionProjects/Data Structures and Algorithms/AVLTree.cpp
        -:    0:Graph:C:\Users\PC\CLionProjects\Data Structures and Algorithms\cmake-build-debug-coverage\CMakeFiles\For_Trying.dir\AVLTree.cpp.gcno
        -:    0:Data:C:\Users\PC\CLionProjects\Data Structures and Algorithms\cmake-build-debug-coverage\CMakeFiles\For_Trying.dir\AVLTree.cpp.gcda
        -:    0:Runs:1
        -:    1://
        -:    2:// Created by PC on 7/26/2023.
        -:    3://
        -:    4:
        -:    5:#include "AVLTree.h"
        -:    6:
        -:    7:
function _ZN7AVLTree6insertEPNS_7AVLNodeEi called 0 returned 0% blocks executed 0%
    #####:    8:void AVLTree::insert(AVLTree::AVLNode* root, int item) {
    #####:    9:    if (root == nullptr)
    %%%%%:    9-block  0
branch  0 never executed
branch  1 never executed
    #####:   10:        root = new AVLNode(item);
    %%%%%:   10-block  0
call    0 never executed
call    1 never executed
        -:   11:
    #####:   12:    if (item < root->value)
    %%%%%:   12-block  0
branch  0 never executed
branch  1 never executed
    #####:   13:        insert((root->left_node), item);
    %%%%%:   13-block  0
call    0 never executed
    #####:   14:    if (item > root->value)
    %%%%%:   14-block  0
branch  0 never executed
branch  1 never executed
    #####:   15:        insert((root->right_node), item);
    %%%%%:   15-block  0
call    0 never executed
    #####:   16:}
        -:   17:
function _ZN7AVLTree6insertEi called 0 returned 0% blocks executed 0%
    #####:   18:void AVLTree::insert(int item) {
    #####:   19:    insert(tree_root, item);
    %%%%%:   19-block  0
call    0 never executed
    #####:   20:}
