        -:    0:Source:C:/Users/PC/CLionProjects/Data Structures and Algorithms/AVLTree.h
        -:    0:Graph:C:\Users\PC\CLionProjects\Data Structures and Algorithms\cmake-build-debug-coverage\CMakeFiles\For_Trying.dir\AVLTree.cpp.gcno
        -:    0:Data:C:\Users\PC\CLionProjects\Data Structures and Algorithms\cmake-build-debug-coverage\CMakeFiles\For_Trying.dir\AVLTree.cpp.gcda
        -:    0:Runs:1
        -:    1://
        -:    2:// Created by PC on 7/26/2023.
        -:    3://
        -:    4:
        -:    5:#ifndef FOR_TRYING_AVLTREE_H
        -:    6:#define FOR_TRYING_AVLTREE_H
        -:    7:
        -:    8:
        -:    9:class AVLTree {
        -:   10:private:
        -:   11:    class AVLNode{
        -:   12:    public:
        -:   13:        int value;
        -:   14:        AVLNode* left_node;
        -:   15:        AVLNode* right_node;
function _ZN7AVLTree7AVLNodeC1Ei called 0 returned 0% blocks executed 0%
    #####:   16:        explicit AVLNode(int value){
    #####:   17:            this->value= value;
    #####:   18:            this->right_node = nullptr;
    #####:   19:            this->left_node = nullptr;
    #####:   20:        }
        -:   21:    };
        -:   22:    AVLNode* tree_root = nullptr;
        -:   23:    void insert(AVLNode* root, int item);
        -:   24:public:
        -:   25:    void insert(int item);
        -:   26:};
        -:   27:
        -:   28:
        -:   29:#endif //FOR_TRYING_AVLTREE_H
