        -:    0:Source:C:/Users/PC/CLionProjects/Data Structures and Algorithms/Stack.cpp
        -:    0:Graph:C:\Users\PC\CLionProjects\Data Structures and Algorithms\cmake-build-debug-coverage\CMakeFiles\For_Trying.dir\Stack.cpp.gcno
        -:    0:Data:C:\Users\PC\CLionProjects\Data Structures and Algorithms\cmake-build-debug-coverage\CMakeFiles\For_Trying.dir\Stack.cpp.gcda
        -:    0:Runs:1
        -:    1://
        -:    2:// Created by PC on 7/16/2023.
        -:    3://
        -:    4:
        -:    5:#include "Stack.h"
        -:    6:#include <iostream>
        -:    7:using namespace std;
        -:    8:
function _ZN5StackC2Ev called 0 returned 0% blocks executed 0%
    #####:    9:Stack::Stack() {
    #####:   10:    top = nullptr;
    #####:   11:}
        -:   12:
function _ZN5Stack4pushEi called 0 returned 0% blocks executed 0%
    #####:   13:void Stack::push(int value) {
    #####:   14:    Node* new_node = new Node(value);
    %%%%%:   14-block  0
call    0 never executed
call    1 never executed
    #####:   15:    if (is_empty()) {
call    0 never executed
branch  1 never executed
branch  2 never executed
    #####:   16:        top = new_node;
    %%%%%:   16-block  0
        -:   17:    } else {
    #####:   18:        new_node->next = top;
    #####:   19:        top = new_node;
    %%%%%:   19-block  0
        -:   20:
        -:   21:    }
        -:   22:
    #####:   23:}
        -:   24:
function _ZN5Stack8is_emptyEv called 0 returned 0% blocks executed 0%
    #####:   25:bool Stack::is_empty() {
    #####:   26:    return top == nullptr;
    %%%%%:   26-block  0
        -:   27:}
        -:   28:
function _ZN5Stack7displayEv called 0 returned 0% blocks executed 0%
    #####:   29:void Stack::display() {
    #####:   30:    auto copy = top;
    #####:   31:    while (copy != nullptr) {
    %%%%%:   31-block  0
    %%%%%:   31-block  1
branch  0 never executed
branch  1 never executed
    #####:   32:        cout << copy->value << "\n";
    %%%%%:   32-block  0
call    0 never executed
call    1 never executed
    #####:   33:        copy = copy->next;
        -:   34:    }
        -:   35:
    #####:   36:}
        -:   37:
function _ZN5Stack3popEv called 0 returned 0% blocks executed 0%
    #####:   38:int Stack::pop() {
    #####:   39:    int value = top->value;
    #####:   40:    auto delptr = top;
    #####:   41:    top = top->next;
    #####:   42:    delete[] delptr;
    %%%%%:   42-block  0
branch  0 never executed
branch  1 never executed
    %%%%%:   42-block  1
call    2 never executed
    #####:   43:    return value;
    %%%%%:   43-block  0
        -:   44:}
