        -:    0:Source:C:/Users/PC/CLionProjects/Data Structures and Algorithms/Stack.h
        -:    0:Graph:C:\Users\PC\CLionProjects\Data Structures and Algorithms\cmake-build-debug-coverage\CMakeFiles\For_Trying.dir\Stack.cpp.gcno
        -:    0:Data:C:\Users\PC\CLionProjects\Data Structures and Algorithms\cmake-build-debug-coverage\CMakeFiles\For_Trying.dir\Stack.cpp.gcda
        -:    0:Runs:1
        -:    1://
        -:    2:// Created by PC on 7/16/2023.
        -:    3://
        -:    4:
        -:    5:#ifndef FOR_TRYING_STACK_H
        -:    6:#define FOR_TRYING_STACK_H
        -:    7:
        -:    8:
        -:    9:class Stack {
        -:   10:private:
        -:   11:    class Node{
        -:   12:    public:
        -:   13:        int value;
        -:   14:        Node* next;
function _ZN5Stack4NodeC1Ei called 0 returned 0% blocks executed 0%
    #####:   15:        Node(int value): value(value), next(nullptr){}
        -:   16:    };
        -:   17:    Node* top;
        -:   18:public:
        -:   19:    Stack();
        -:   20:    void push(int value);
        -:   21:    bool is_empty();
        -:   22:    void display();
        -:   23:
        -:   24:    int pop();
        -:   25:
        -:   26:};
        -:   27:
        -:   28:
        -:   29:#endif //FOR_TRYING_STACK_H
