        -:    0:Source:C:/Users/PC/CLionProjects/Data Structures and Algorithms/StackArray.cpp
        -:    0:Graph:C:\Users\PC\CLionProjects\Data Structures and Algorithms\cmake-build-debug-coverage\CMakeFiles\For_Trying.dir\StackArray.cpp.gcno
        -:    0:Data:C:\Users\PC\CLionProjects\Data Structures and Algorithms\cmake-build-debug-coverage\CMakeFiles\For_Trying.dir\StackArray.cpp.gcda
        -:    0:Runs:1
        -:    1://
        -:    2:// Created by PC on 7/17/2023.
        -:    3://
        -:    4:
        -:    5:#include "StackArray.h"
        -:    6:#include <iostream>
        -:    7:using namespace std;
        -:    8:
function _ZN10StackArrayC2Ei called 0 returned 0% blocks executed 0%
    #####:    9:StackArray::StackArray(int s) {
    #####:   10:    size = s;
    #####:   11:    values = new int[s];
    %%%%%:   11-block  0
branch  0 never executed
branch  1 never executed
    %%%%%:   11-block  1
    %%%%%:   11-block  2
call    2 never executed
    %%%%%:   11-block  3
call    3 never executed
    #####:   12:}
        -:   13:
function _ZN10StackArray4pushEi called 0 returned 0% blocks executed 0%
    #####:   14:void StackArray::push(int item) {
    #####:   15:    if (count == size){
    %%%%%:   15-block  0
branch  0 never executed
branch  1 never executed
    #####:   16:        size *= 2;
    #####:   17:        auto new_values = new int[size];
    %%%%%:   17-block  0
branch  0 never executed
branch  1 never executed
    %%%%%:   17-block  1
    %%%%%:   17-block  2
call    2 never executed
    %%%%%:   17-block  3
call    3 never executed
    #####:   18:        for (int i = 0; i < size / 2; i++)
    %%%%%:   18-block  0
branch  0 never executed
branch  1 never executed
    #####:   19:            new_values[i] = values[i];
    %%%%%:   19-block  0
    #####:   20:        values = new_values;
    %%%%%:   20-block  0
        -:   21:    }
    #####:   22:    values[count++] = item;
        -:   23:
    #####:   24:}
        -:   25:
function _ZN10StackArray3popEv called 0 returned 0% blocks executed 0%
    #####:   26:int StackArray::pop() {
    #####:   27:    int returned_item = values[count];
    #####:   28:    values[count--] = 0;
    #####:   29:    return returned_item;
    %%%%%:   29-block  0
        -:   30:}
        -:   31:
function _ZN10StackArray4peekEv called 0 returned 0% blocks executed 0%
    #####:   32:int StackArray::peek() {
    #####:   33:    return values[count];
    %%%%%:   33-block  0
        -:   34:}
        -:   35:
function _ZN10StackArray8is_emptyEv called 0 returned 0% blocks executed 0%
    #####:   36:bool StackArray::is_empty() {
    #####:   37:    return count == 0;
    %%%%%:   37-block  0
        -:   38:}
        -:   39:
function _ZN10StackArray7displayEv called 0 returned 0% blocks executed 0%
    #####:   40:void StackArray::display() {
    #####:   41:    for (int i = 0; i < count; i++) {
    %%%%%:   41-block  0
    %%%%%:   41-block  1
branch  0 never executed
branch  1 never executed
    #####:   42:        cout << values[i] << '\n';
    %%%%%:   42-block  0
call    0 never executed
call    1 never executed
        -:   43:    }
        -:   44:
    #####:   45:}
        -:   46:
        -:   47:
